@@@ Sw: [1, 2, 3, 4, 5, 6]
@@@ links: [(2, 3, {'dport': 2, 'sport': 1}), (2, 4, {'dport': 1, 'sport': 2}), (5, 6, {'dport': 1, 'sport': 2}), (4, 2, {'dport': 2, 'sport': 1}), (5, 4, {'dport': 2, 'sport': 1}), (4, 5, {'dport': 1, 'sport': 2}), (3, 1, {'dport': 1, 'sport': 1}), (1, 6, {'dport': 2, 'sport': 2}), (6, 1, {'dport': 2, 'sport': 2}), (1, 3, {'dport': 1, 'sport': 1}), (3, 2, {'dport': 1, 'sport': 2}), (6, 5, {'dport': 2, 'sport': 1})] 
[1, 2, 3, 4, 5, 6]
[(1, 3), (1, 6), (2, 3), (2, 4), (3, 1), (3, 2), (4, 2), (4, 5), (5, 4), (5, 6), (6, 1), (6, 5)]
@@@ Sw: [1, 2, 3, 4, 5, 6]
@@@ links: [(2, 3, {'dport': 2, 'sport': 1}), (2, 4, {'dport': 1, 'sport': 2}), (5, 6, {'dport': 1, 'sport': 2}), (4, 2, {'dport': 2, 'sport': 1}), (5, 4, {'dport': 2, 'sport': 1}), (4, 5, {'dport': 1, 'sport': 2}), (3, 1, {'dport': 1, 'sport': 1}), (1, 6, {'dport': 2, 'sport': 2}), (6, 1, {'dport': 2, 'sport': 2}), (1, 3, {'dport': 1, 'sport': 1}), (3, 2, {'dport': 1, 'sport': 2}), (6, 5, {'dport': 2, 'sport': 1})] 
[1, 2, 3, 4, 5, 6]
[(1, 3), (1, 6), (2, 3), (2, 4), (3, 1), (3, 2), (4, 2), (4, 5), (5, 4), (5, 6), (6, 1), (6, 5)]
@@@ Sw: [1, 2, 3, 4, 5, 6]
@@@ links: [(2, 3, {'dport': 2, 'sport': 1}), (2, 4, {'dport': 1, 'sport': 2}), (5, 6, {'dport': 1, 'sport': 2}), (4, 2, {'dport': 2, 'sport': 1}), (5, 4, {'dport': 2, 'sport': 1}), (4, 5, {'dport': 1, 'sport': 2}), (3, 1, {'dport': 1, 'sport': 1}), (1, 6, {'dport': 2, 'sport': 2}), (6, 1, {'dport': 2, 'sport': 2}), (1, 3, {'dport': 1, 'sport': 1}), (3, 2, {'dport': 1, 'sport': 2}), (6, 5, {'dport': 2, 'sport': 1})] 
[1, 2, 3, 4, 5, 6]
[(1, 3), (1, 6), (2, 3), (2, 4), (3, 1), (3, 2), (4, 2), (4, 5), (5, 4), (5, 6), (6, 1), (6, 5)]
@@@ Sw: [1, 2, 3, 4, 5, 6]
@@@ links: [(2, 3, {'dport': 2, 'sport': 1}), (2, 4, {'dport': 1, 'sport': 2}), (5, 6, {'dport': 1, 'sport': 2}), (4, 2, {'dport': 2, 'sport': 1}), (5, 4, {'dport': 2, 'sport': 1}), (4, 5, {'dport': 1, 'sport': 2}), (3, 1, {'dport': 1, 'sport': 1}), (1, 6, {'dport': 2, 'sport': 2}), (6, 1, {'dport': 2, 'sport': 2}), (1, 3, {'dport': 1, 'sport': 1}), (3, 2, {'dport': 1, 'sport': 2}), (6, 5, {'dport': 2, 'sport': 1})] 
[1, 2, 3, 4, 5, 6]
[(1, 3), (1, 6), (2, 3), (2, 4), (3, 1), (3, 2), (4, 2), (4, 5), (5, 4), (5, 6), (6, 1), (6, 5)]
@@@ Sw: [1, 2, 3, 4, 5, 6]
@@@ links: [(2, 3, {'dport': 2, 'sport': 1}), (2, 4, {'dport': 1, 'sport': 2}), (5, 6, {'dport': 1, 'sport': 2}), (4, 2, {'dport': 2, 'sport': 1}), (5, 4, {'dport': 2, 'sport': 1}), (4, 5, {'dport': 1, 'sport': 2}), (3, 1, {'dport': 1, 'sport': 1}), (1, 6, {'dport': 2, 'sport': 2}), (6, 1, {'dport': 2, 'sport': 2}), (1, 3, {'dport': 1, 'sport': 1}), (3, 2, {'dport': 1, 'sport': 2}), (6, 5, {'dport': 2, 'sport': 1})] 
[1, 2, 3, 4, 5, 6]
[(1, 3), (1, 6), (2, 3), (2, 4), (3, 1), (3, 2), (4, 2), (4, 5), (5, 4), (5, 6), (6, 1), (6, 5)]
@@@ Sw: [1, 2, 3, 4, 5, 6]
@@@ links: [(2, 3, {'dport': 2, 'sport': 1}), (2, 4, {'dport': 1, 'sport': 2}), (5, 6, {'dport': 1, 'sport': 2}), (4, 2, {'dport': 2, 'sport': 1}), (5, 4, {'dport': 2, 'sport': 1}), (4, 5, {'dport': 1, 'sport': 2}), (3, 1, {'dport': 1, 'sport': 1}), (1, 6, {'dport': 2, 'sport': 2}), (6, 1, {'dport': 2, 'sport': 2}), (1, 3, {'dport': 1, 'sport': 1}), (3, 2, {'dport': 1, 'sport': 2}), (6, 5, {'dport': 2, 'sport': 1})] 
[1, 2, 3, 4, 5, 6]
[(1, 3), (1, 6), (2, 3), (2, 4), (3, 1), (3, 2), (4, 2), (4, 5), (5, 4), (5, 6), (6, 1), (6, 5)]
@@@ Sw: [1]
@@@ links: [(2, 4, {'dport': 1, 'sport': 2}), (5, 6, {'dport': 1, 'sport': 2}), (4, 2, {'dport': 2, 'sport': 1}), (5, 4, {'dport': 2, 'sport': 1}), (4, 5, {'dport': 1, 'sport': 2}), (1, 6, {'dport': 2, 'sport': 2}), (6, 1, {'dport': 2, 'sport': 2}), (6, 5, {'dport': 2, 'sport': 1})] 
[1, 2, 4, 5, 6]
[(1, 6), (2, 4), (4, 2), (4, 5), (5, 4), (5, 6), (6, 1), (6, 5)]
@@@ Sw: [1, 2]
@@@ links: [(2, 4, {'dport': 1, 'sport': 2}), (5, 6, {'dport': 1, 'sport': 2}), (4, 2, {'dport': 2, 'sport': 1}), (5, 4, {'dport': 2, 'sport': 1}), (4, 5, {'dport': 1, 'sport': 2}), (1, 6, {'dport': 2, 'sport': 2}), (6, 1, {'dport': 2, 'sport': 2}), (6, 5, {'dport': 2, 'sport': 1})] 
[1, 2, 4, 5, 6]
[(1, 6), (2, 4), (@@@ Sw: [1]
@@@ links: [] 
[1]
[]
@@@ Sw: [1, 2]
@@@ links: [] 
[1, 2]
[]
@@@ Sw: [1, 2, 3]
@@@ links: [(3, 2, {'dport': 1, 'sport': 2}), (3, 1, {'dport': 1, 'sport': 1})] 
[1, 2, 3]
[(3, 1), (3, 2)]
@@@ Sw: [1, 2, 3, 4]
@@@ links: [(1, 3, {'dport': 1, 'sport': 1}), (3, 2, {'dport': 1, 'sport': 2}), (2, 3, {'dport': 2, 'sport': 1}), (4, 2, {'dport': 2, 'sport': 1}), (3, 1, {'dport': 1, 'sport': 1})] 
[1, 2, 3, 4]
[(1, 3), (2, 3), (3, 1), (3, 2), (4, 2)]
@@@ Sw: [1, 2, 3, 4, 5]
@@@ links: [(3, 1, {'dport': 1, 'sport': 1}), (2, 3, {'dport': 2, 'sport': 1}), (2, 4, {'dport': 1, 'sport': 2}), (4, 2, {'dport': 2, 'sport': 1}), (5, 4, {'dport': 2, 'sport': 1}), (1, 3, {'dport': 1, 'sport': 1}), (3, 2, {'dport': 1, 'sport': 2})] 
[1, 2, 3, 4, 5]
[(1, 3), (2, 3), (2, 4), (3, 1), (3, 2), (4, 2), (5, 4)]
@@@ Sw: [1, 2, 3, 4, 5, 6]
@@@ links: [(3, 1, {'dport': 1, 'sport': 1}), (2, 3, {'dport': 2, 'sport': 1}), (2, 4, {'dport': 1, 'sport': 2}), (4, 2, {'dport': 2, 'sport': 1}), (5, 4, {'dport': 2, 'sport': 1}), (1, 3, {'dport': 1, 'sport': 1}), (6, 1, {'dport': 2, 'sport': 2}), (4, 5, {'dport': 1, 'sport': 2}), (3, 2, {'dport': 1, 'sport': 2}), (6, 5, {'dport': 2, 'sport': 1})] 
[1, 2, 3, 4, 5, 6]
[(1, 3), (2, 3), (2, 4), (3, 1), (3, 2), (4, 2), (4, 5), (5, 4), (6, 1), (6, 5)]

 
 Caminho  [3, 2, 4]

 
 Caminho  [2, 4]

 
 Caminho  [1, 3, 2, 4]

 
 Caminho  [6, 5, 4]

 
 Caminho  [5, 4]

 
 Caminho  [4]

 
 Caminho  [4]

 
 Caminho  [4, 2, 3, 1]

 
 Caminho  [4, 5]

 
 Caminho  [5, 4]

 
 Caminho  [4, 2, 3]

 
 Caminho  [4, 2]

 
 Caminho  [5]
