@@@ Sw: [1, 2, 3, 4, 5, 6]
@@@ links: [(6, 1, {'dport': 2, 'sport': 2}), (1, 6, {'dport': 2, 'sport': 2}), (6, 5, {'dport': 2, 'sport': 1}), (1, 3, {'dport': 1, 'sport': 1})] 
[1, 2, 3, 4, 5, 6]
[(1, 3), (1, 6), (6, 1), (6, 5)]
@@@ Sw: [1, 2, 3, 4, 5, 6]
@@@ links: [(3, 1, {'dport': 1, 'sport': 1}), (2, 3, {'dport': 2, 'sport': 1}), (2, 4, {'dport': 1, 'sport': 2}), (5, 6, {'dport': 1, 'sport': 2}), (1, 6, {'dport': 2, 'sport': 2}), (5, 4, {'dport': 2, 'sport': 1}), (1, 3, {'dport': 1, 'sport': 1}), (4, 2, {'dport': 2, 'sport': 1}), (4, 5, {'dport': 1, 'sport': 2}), (6, 1, {'dport': 2, 'sport': 2}), (3, 2, {'dport': 1, 'sport': 2}), (6, 5, {'dport': 2, 'sport': 1})] 
[1, 2, 3, 4, 5, 6]
[(1, 3), (1, 6), (2, 3), (2, 4), (3, 1), (3, 2), (4, 2), (4, 5), (5, 4), (5, 6), (6, 1), (6, 5)]
@@@ Sw: [1, 2, 3, 4, 5, 6]
@@@ links: [(3, 1, {'dport': 1, 'sport': 1}), (2, 3, {'dport': 2, 'sport': 1}), (2, 4, {'dport': 1, 'sport': 2}), (5, 6, {'dport': 1, 'sport': 2}), (1, 6, {'dport': 2, 'sport': 2}), (5, 4, {'dport': 2, 'sport': 1}), (1, 3, {'dport': 1, 'sport': 1}), (4, 2, {'dport': 2, 'sport': 1}), (4, 5, {'dport': 1, 'sport': 2}), (6, 1, {'dport': 2, 'sport': 2}), (3, 2, {'dport': 1, 'sport': 2}), (6, 5, {'dport': 2, 'sport': 1})] 
[1, 2, 3, 4, 5, 6]
[(1, 3), (1, 6), (2, 3), (2, 4), (3, 1), (3, 2), (4, 2), (4, 5), (5, 4), (5, 6), (6, 1), (6, 5)]
@@@ Sw: [1, 2, 3, 4, 5, 6]
@@@ links: [(3, 1, {'dport': 1, 'sport': 1}), (2, 3, {'dport': 2, 'sport': 1}), (2, 4, {'dport': 1, 'sport': 2}), (5, 6, {'dport': 1, 'sport': 2}), (1, 6, {'dport': 2, 'sport': 2}), (5, 4, {'dport': 2, 'sport': 1}), (1, 3, {'dport': 1, 'sport': 1}), (4, 2, {'dport': 2, 'sport': 1}), (4, 5, {'dport': 1, 'sport': 2}), (6, 1, {'dport': 2, 'sport': 2}), (3, 2, {'dport': 1, 'sport': 2}), (6, 5, {'dport': 2, 'sport': 1})] 
[1, 2, 3, 4, 5, 6]
[(1, 3), (1, 6), (2, 3), (2, 4), (3, 1), (3, 2), (4, 2), (4, 5), (5, 4), (5, 6), (6, 1), (6, 5)]
@@@ Sw: [1, 2, 3, 4, 5, 6]
@@@ links: [(3, 1, {'dport': 1, 'sport': 1}), (2, 3, {'dport': 2, 'sport': 1}), (2, 4, {'dport': 1, 'sport': 2}), (5, 6, {'dport': 1, 'sport': 2}), (1, 6, {'dport': 2, 'sport': 2}), (5, 4, {'dport': 2, 'sport': 1}), (1, 3, {'dport': 1, 'sport': 1}), (4, 2, {'dport': 2, 'sport': 1}), (4, 5, {'dport': 1, 'sport': 2}), (6, 1, {'dport': 2, 'sport': 2}), (3, 2, {'dport': 1, 'sport': 2}), (6, 5, {'dport': 2, 'sport': 1})] 
[1, 2, 3, 4, 5, 6]
[(1, 3), (1, 6), (2, 3), (2, 4), (3, 1), (3, 2), (4, 2), (4, 5), (5, 4), (5, 6), (6, 1), (6, 5)]
@@@ Sw: [1, 2, 3, 4, 5, 6]
@@@ links: [(3, 1, {'dport': 1, 'sport': 1}), (2, 3, {'dport': 2, 'sport': 1}), (2, 4, {'dport': 1, 'sport': 2}), (5, 6, {'dport': 1, 'sport': 2}), (1, 6, {'dport': 2, 'sport': 2}), (5, 4, {'dport': 2, 'sport': 1}), (1, 3, {'dport': 1, 'sport': 1}), (4, 2, {'dport': 2, 'sport': 1}), (4, 5, {'dport': 1, 'sport': 2}), (6, 1, {'dport': 2, 'sport': 2}), (3, 2, {'dport': 1, 'sport': 2}), (6, 5, {'dport': 2, 'sport': 1})] 
[1, 2, 3, 4, 5, 6]
[(1, 3), (1, 6), (2, 3), (2, 4), (3, 1), (3, 2), (4, 2), (4, 5), (5, 4), (5, 6), (6, 1), (6, 5)]
@@@ Sw: [1]
@@@ links: [(2, 3, {'dport': 2, 'sport': 1}), (2, 4, {'dport': 1, 'sport': 2}), (5, 6, {'dport': 1, 'sport': 2}), (1, 6, {'dport': 2, 'sport': 2}), (5, 4, {'dport': 2, 'sport': 1}), (4, 2, {'dport': 2, 'sport': 1}), (4, 5, {'dport': 1, 'sport': 2}), (6, 1, {'dport': 2, 'sport': 2}), (3, 2, {'dport': 1, 'sport': 2}), (6, 5, {'dport': 2, 'sport': 1})] 
[1, 2, 3, 4, 5, 6]
[(1, 6), (2, 3), (2, 4), (3, 2), (4, 2), (4, 5), (5, 4), (5, 6), (6, 1), (6, 5)]
@@@ Sw: [1, 2]
@@@ links: [(2, 3, {'dport': 2, 'sport': 1}), (2, 4, {'dport': 1, 'sport': 2}), (5, 6, {'dport': 1, 'sport': 2}), (1, 6, {'dport': 2, 'sport': 2}), (5, 4, {'dport': 2, 'sport': 1}), (4, 2, {'dport': 2, 'sport': 1}), (4, 5, {'dport': 1, 'sport': 2}), (6, 1, {'dport': 2, 'sport': 2}), (3, 2, {'dport': 1, 'sport': 2}), (6, 5, {'dport': 2, 'sport': 1})] 
[1, 2, 3, 4, 5, 6]
[(1, 6), (2, 3), (2, 4), (3, 2), (4, 2), (4, 5), (5, 4), (5, 6), (6, 1), (6, 5)]
@@@ Sw: [1, 2, 3]
@@@ links: [(2, 3, {'dport': 2, 'sport': 1}), (2, 4, {'dport': 1, 'sport': 2}), (5, 6, {'dport': 